<?xml version="1.0" encoding="UTF-8"?>
<TestRun id="ed6a4867-20a7-4d77-8557-561be7db4b86" name="jamie@XPSSTUDIO 2011-01-24 19:47:36" runUser="XPSStudio\jamie" xmlns="http://microsoft.com/schemas/VisualStudio/TeamTest/2010">
  <TestSettings name="Local" id="ec4498f2-b11a-4a4e-84f2-e0e32f3ca741">
    <Description>These are default test settings for a local test run.</Description>
    <Deployment enabled="false" runDeploymentRoot="jamie_XPSSTUDIO 2011-01-24 19_47_36" />
    <Execution>
      <TestTypeSpecific />
      <AgentRule name="Execution Agents">
      </AgentRule>
    </Execution>
  </TestSettings>
  <Times creation="2011-01-24T19:47:36.1045580+00:00" queuing="2011-01-24T19:47:36.1295595+00:00" start="2011-01-24T19:47:36.1395601+00:00" finish="2011-01-24T19:47:36.4715790+00:00" />
  <ResultSummary outcome="Completed">
    <Counters total="1" executed="1" passed="1" error="0" failed="0" timeout="0" aborted="0" inconclusive="0" passedButRunAborted="0" notRunnable="0" notExecuted="0" disconnected="0" warning="0" completed="0" inProgress="0" pending="0" />
  </ResultSummary>
  <TestDefinitions>
    <UnitTest name="ZeroingOutAScore_" storage="c:\users\jamie\documents\visual studio 2010\projects\scorepedia\scorepediatest\bin\debug\scorepediatest.dll" id="08cf1c9b-a915-f8d6-27a0-480ee369400d">
      <Execution id="204928a8-1468-46ad-b120-acd7fd4232ab" />
      <TestMethod codeBase="C:/Users/jamie/Documents/Visual Studio 2010/Projects/scorepedia/scorepediaTest/bin/Debug/scorepediaTest.DLL" adapterTypeName="Microsoft.VisualStudio.TestTools.TestTypes.Unit.UnitTestAdapter, Microsoft.VisualStudio.QualityTools.Tips.UnitTest.Adapter, Version=10.0.0.0, Culture=neutral, PublicKeyToken=b03f5f7f11d50a3a" className="scorepediaTest.ZeroingAScore, scorepediaTest, Version=1.0.0.0, Culture=neutral, PublicKeyToken=null" name="ZeroingOutAScore_" />
    </UnitTest>
  </TestDefinitions>
  <TestLists>
    <TestList name="Results Not in a List" id="8c84fa94-04c1-424b-9868-57a2d4851a1d" />
    <TestList name="All Loaded Results" id="19431567-8539-422a-85d7-44ee4e166bda" />
  </TestLists>
  <TestEntries>
    <TestEntry testId="08cf1c9b-a915-f8d6-27a0-480ee369400d" executionId="204928a8-1468-46ad-b120-acd7fd4232ab" testListId="8c84fa94-04c1-424b-9868-57a2d4851a1d" />
  </TestEntries>
  <Results>
    <UnitTestResult executionId="204928a8-1468-46ad-b120-acd7fd4232ab" testId="08cf1c9b-a915-f8d6-27a0-480ee369400d" testName="ZeroingOutAScore_" computerName="XPSSTUDIO" duration="00:00:00.0436121" startTime="2011-01-24T19:47:36.1465605+00:00" endTime="2011-01-24T19:47:36.4555781+00:00" testType="13cdc9d9-ddb5-4fa4-a97d-d965ccfc6d4b" outcome="Passed" testListId="8c84fa94-04c1-424b-9868-57a2d4851a1d" relativeResultsDirectory="204928a8-1468-46ad-b120-acd7fd4232ab">
      <Output>
        <DebugTrace>Executing test script...
Sql Error: 'Warning: Null value is eliminated by an aggregate or other SET operation.' (Severity 0, State 1)
1 batches, 1 ResultSets, 2 rows affected
Validating GoalsScoredZeroedOut_
</DebugTrace>
      </Output>
    </UnitTestResult>
  </Results>
</TestRun>